<?xml version="1.0" encoding="UTF-8"?>
<!-- Generated by org.testng.reporters.JUnitReportReporter -->
<testsuite hostname="Saranyas-Mac.local" name="com.experitest.auto.AndroidTest1" tests="1" failures="0" timestamp="4 Jul 2018 06:47:04 GMT" time="48.647" errors="0">
  <testcase name="testUntitled" time="48.647" classname="com.experitest.auto.AndroidTest1"/>
</testsuite> <!-- com.experitest.auto.AndroidTest1 -->
